<?xml version="1.0" encoding="UTF-8" ?>
<testsuite tests="5" failures="0" name="com.ws.unionranges.modeltests.RangeIntervalModelTest" time="0" errors="0" skipped="0">
  <properties>
[...]
</properties>
  <testcase classname="com.ws.unionranges.modeltests.RangeIntervalModelTest" name="testBoundinPair" time="0"/>
  <testcase classname="com.ws.unionranges.modeltests.RangeIntervalModelTest" name="testSortRanges" time="0"/>
  <testcase classname="com.ws.unionranges.modeltests.RangeIntervalModelTest" name="testBoundsforNegativeNumber" time="0"/>
  <testcase classname="com.ws.unionranges.modeltests.RangeIntervalModelTest" name="testSortRanges2" time="0"/>
  <testcase classname="com.ws.unionranges.modeltests.RangeIntervalModelTest" name="testSortRanges3" time="0"/>
</testsuite>